Removed Pin From Net: NetName=NetJ1_01 Pin=R1-2
Removed Pin From Net: NetName=NetJ1_01 Pin=R10-2
Removed Pin From Net: NetName=NetJ1_01 Pin=SW1-2
Removed Pin From Net: NetName=NetJ1_01 Pin=SW10-2
Added Component: Designator=NEO15(adafruit-1559-neopixel-flora)
Added Component: Designator=NEO16(adafruit-1559-neopixel-flora)
Added Component: Designator=NEO17(adafruit-1559-neopixel-flora)
Added Component: Designator=NEO18(adafruit-1559-neopixel-flora)
Added Component: Designator=NEO19(adafruit-1559-neopixel-flora)
Added Component: Designator=NEO20(adafruit-1559-neopixel-flora)
Added Component: Designator=NEO21(adafruit-1559-neopixel-flora)
Added Component: Designator=NEO22(adafruit-1559-neopixel-flora)
Added Component: Designator=NEO23(adafruit-1559-neopixel-flora)
Added Component: Designator=NEO24(adafruit-1559-neopixel-flora)
Added Component: Designator=R15(thruhole resistor)
Add component (AddParameter): Name = "R"; Value = ""; VariantName = "[No Variations]"
Add component (AddParameter): Name = "Value"; Value = ""; VariantName = "[No Variations]"
Added Component: Designator=R16(thruhole resistor)
Add component (AddParameter): Name = "R"; Value = ""; VariantName = "[No Variations]"
Add component (AddParameter): Name = "Value"; Value = ""; VariantName = "[No Variations]"
Added Component: Designator=R17(thruhole resistor)
Add component (AddParameter): Name = "R"; Value = ""; VariantName = "[No Variations]"
Add component (AddParameter): Name = "Value"; Value = ""; VariantName = "[No Variations]"
Added Component: Designator=R18(thruhole resistor)
Add component (AddParameter): Name = "R"; Value = ""; VariantName = "[No Variations]"
Add component (AddParameter): Name = "Value"; Value = ""; VariantName = "[No Variations]"
Added Component: Designator=R19(thruhole resistor)
Add component (AddParameter): Name = "R"; Value = ""; VariantName = "[No Variations]"
Add component (AddParameter): Name = "Value"; Value = ""; VariantName = "[No Variations]"
Added Component: Designator=R20(thruhole resistor)
Add component (AddParameter): Name = "R"; Value = ""; VariantName = "[No Variations]"
Add component (AddParameter): Name = "Value"; Value = ""; VariantName = "[No Variations]"
Added Component: Designator=R21(thruhole resistor)
Add component (AddParameter): Name = "R"; Value = ""; VariantName = "[No Variations]"
Add component (AddParameter): Name = "Value"; Value = ""; VariantName = "[No Variations]"
Added Component: Designator=R22(thruhole resistor)
Add component (AddParameter): Name = "R"; Value = ""; VariantName = "[No Variations]"
Add component (AddParameter): Name = "Value"; Value = ""; VariantName = "[No Variations]"
Added Component: Designator=R23(thruhole resistor)
Add component (AddParameter): Name = "R"; Value = ""; VariantName = "[No Variations]"
Add component (AddParameter): Name = "Value"; Value = ""; VariantName = "[No Variations]"
Added Component: Designator=R24(thruhole resistor)
Add component (AddParameter): Name = "R"; Value = ""; VariantName = "[No Variations]"
Add component (AddParameter): Name = "Value"; Value = ""; VariantName = "[No Variations]"
Added Component: Designator=SW15(SW_TL59AF100Q_EWI)
Add component (AddParameter): Name = "Copyright"; Value = "Copyright (C) 2024 Ultra Librarian. All rights reserved."; VariantName = "[No Variations]"
Add component (AddParameter): Name = "Manufacturer_Part_Number"; Value = "TL59AF100Q"; VariantName = "[No Variations]"
Add component (AddParameter): Name = "Mfr_Name"; Value = "E-Switch"; VariantName = "[No Variations]"
Add component (AddParameter): Name = "RefDes"; Value = "RefDes"; VariantName = "[No Variations]"
Add component (AddParameter): Name = "Type"; Value = "DEV"; VariantName = "[No Variations]"
Added Component: Designator=SW16(SW_TL59AF100Q_EWI)
Add component (AddParameter): Name = "Copyright"; Value = "Copyright (C) 2024 Ultra Librarian. All rights reserved."; VariantName = "[No Variations]"
Add component (AddParameter): Name = "Manufacturer_Part_Number"; Value = "TL59AF100Q"; VariantName = "[No Variations]"
Add component (AddParameter): Name = "Mfr_Name"; Value = "E-Switch"; VariantName = "[No Variations]"
Add component (AddParameter): Name = "RefDes"; Value = "RefDes"; VariantName = "[No Variations]"
Add component (AddParameter): Name = "Type"; Value = "DEV"; VariantName = "[No Variations]"
Added Component: Designator=SW17(SW_TL59AF100Q_EWI)
Add component (AddParameter): Name = "Copyright"; Value = "Copyright (C) 2024 Ultra Librarian. All rights reserved."; VariantName = "[No Variations]"
Add component (AddParameter): Name = "Manufacturer_Part_Number"; Value = "TL59AF100Q"; VariantName = "[No Variations]"
Add component (AddParameter): Name = "Mfr_Name"; Value = "E-Switch"; VariantName = "[No Variations]"
Add component (AddParameter): Name = "RefDes"; Value = "RefDes"; VariantName = "[No Variations]"
Add component (AddParameter): Name = "Type"; Value = "DEV"; VariantName = "[No Variations]"
Added Component: Designator=SW18(SW_TL59AF100Q_EWI)
Add component (AddParameter): Name = "Copyright"; Value = "Copyright (C) 2024 Ultra Librarian. All rights reserved."; VariantName = "[No Variations]"
Add component (AddParameter): Name = "Manufacturer_Part_Number"; Value = "TL59AF100Q"; VariantName = "[No Variations]"
Add component (AddParameter): Name = "Mfr_Name"; Value = "E-Switch"; VariantName = "[No Variations]"
Add component (AddParameter): Name = "RefDes"; Value = "RefDes"; VariantName = "[No Variations]"
Add component (AddParameter): Name = "Type"; Value = "DEV"; VariantName = "[No Variations]"
Added Component: Designator=SW19(SW_TL59AF100Q_EWI)
Add component (AddParameter): Name = "Copyright"; Value = "Copyright (C) 2024 Ultra Librarian. All rights reserved."; VariantName = "[No Variations]"
Add component (AddParameter): Name = "Manufacturer_Part_Number"; Value = "TL59AF100Q"; VariantName = "[No Variations]"
Add component (AddParameter): Name = "Mfr_Name"; Value = "E-Switch"; VariantName = "[No Variations]"
Add component (AddParameter): Name = "RefDes"; Value = "RefDes"; VariantName = "[No Variations]"
Add component (AddParameter): Name = "Type"; Value = "DEV"; VariantName = "[No Variations]"
Added Component: Designator=SW20(SW_TL59AF100Q_EWI)
Add component (AddParameter): Name = "Copyright"; Value = "Copyright (C) 2024 Ultra Librarian. All rights reserved."; VariantName = "[No Variations]"
Add component (AddParameter): Name = "Manufacturer_Part_Number"; Value = "TL59AF100Q"; VariantName = "[No Variations]"
Add component (AddParameter): Name = "Mfr_Name"; Value = "E-Switch"; VariantName = "[No Variations]"
Add component (AddParameter): Name = "RefDes"; Value = "RefDes"; VariantName = "[No Variations]"
Add component (AddParameter): Name = "Type"; Value = "DEV"; VariantName = "[No Variations]"
Added Component: Designator=SW21(SW_TL59AF100Q_EWI)
Add component (AddParameter): Name = "Copyright"; Value = "Copyright (C) 2024 Ultra Librarian. All rights reserved."; VariantName = "[No Variations]"
Add component (AddParameter): Name = "Manufacturer_Part_Number"; Value = "TL59AF100Q"; VariantName = "[No Variations]"
Add component (AddParameter): Name = "Mfr_Name"; Value = "E-Switch"; VariantName = "[No Variations]"
Add component (AddParameter): Name = "RefDes"; Value = "RefDes"; VariantName = "[No Variations]"
Add component (AddParameter): Name = "Type"; Value = "DEV"; VariantName = "[No Variations]"
Added Component: Designator=SW22(SW_TL59AF100Q_EWI)
Add component (AddParameter): Name = "Copyright"; Value = "Copyright (C) 2024 Ultra Librarian. All rights reserved."; VariantName = "[No Variations]"
Add component (AddParameter): Name = "Manufacturer_Part_Number"; Value = "TL59AF100Q"; VariantName = "[No Variations]"
Add component (AddParameter): Name = "Mfr_Name"; Value = "E-Switch"; VariantName = "[No Variations]"
Add component (AddParameter): Name = "RefDes"; Value = "RefDes"; VariantName = "[No Variations]"
Add component (AddParameter): Name = "Type"; Value = "DEV"; VariantName = "[No Variations]"
Added Component: Designator=SW23(SW_TL59AF100Q_EWI)
Add component (AddParameter): Name = "Copyright"; Value = "Copyright (C) 2024 Ultra Librarian. All rights reserved."; VariantName = "[No Variations]"
Add component (AddParameter): Name = "Manufacturer_Part_Number"; Value = "TL59AF100Q"; VariantName = "[No Variations]"
Add component (AddParameter): Name = "Mfr_Name"; Value = "E-Switch"; VariantName = "[No Variations]"
Add component (AddParameter): Name = "RefDes"; Value = "RefDes"; VariantName = "[No Variations]"
Add component (AddParameter): Name = "Type"; Value = "DEV"; VariantName = "[No Variations]"
Added Component: Designator=SW24(SW_TL59AF100Q_EWI)
Add component (AddParameter): Name = "Copyright"; Value = "Copyright (C) 2024 Ultra Librarian. All rights reserved."; VariantName = "[No Variations]"
Add component (AddParameter): Name = "Manufacturer_Part_Number"; Value = "TL59AF100Q"; VariantName = "[No Variations]"
Add component (AddParameter): Name = "Mfr_Name"; Value = "E-Switch"; VariantName = "[No Variations]"
Add component (AddParameter): Name = "RefDes"; Value = "RefDes"; VariantName = "[No Variations]"
Add component (AddParameter): Name = "Type"; Value = "DEV"; VariantName = "[No Variations]"
Added Pin To Net: NetName=NetJ1_01 Pin=NEO15-5V
Added Pin To Net: NetName=GND Pin=NEO15-GND
Added Pin To Net: NetName=NetJ1_01 Pin=NEO16-5V
Added Pin To Net: NetName=GND Pin=NEO16-GND
Added Pin To Net: NetName=NetJ1_01 Pin=NEO17-5V
Added Pin To Net: NetName=GND Pin=NEO17-GND
Added Pin To Net: NetName=NetJ1_01 Pin=NEO18-5V
Added Pin To Net: NetName=GND Pin=NEO18-GND
Added Pin To Net: NetName=NetJ1_01 Pin=NEO19-5V
Added Pin To Net: NetName=GND Pin=NEO19-GND
Added Pin To Net: NetName=NetJ1_01 Pin=NEO20-5V
Added Pin To Net: NetName=GND Pin=NEO20-GND
Added Pin To Net: NetName=NetJ1_01 Pin=NEO21-5V
Added Pin To Net: NetName=GND Pin=NEO21-GND
Added Pin To Net: NetName=NetJ1_01 Pin=NEO22-5V
Added Pin To Net: NetName=GND Pin=NEO22-GND
Added Pin To Net: NetName=NetJ1_01 Pin=NEO23-5V
Added Pin To Net: NetName=GND Pin=NEO23-GND
Added Pin To Net: NetName=NetJ1_01 Pin=NEO24-5V
Added Pin To Net: NetName=GND Pin=NEO24-GND
Added Pin To Net: NetName=NetJ1_01 Pin=R15-2
Added Pin To Net: NetName=NetJ1_01 Pin=R18-2
Added Pin To Net: NetName=NetJ1_04 Pin=SW15-1
Added Pin To Net: NetName=NetJ1_01 Pin=SW15-2
Added Pin To Net: NetName=NetJ1_04 Pin=SW16-1
Added Pin To Net: NetName=NetJ1_04 Pin=SW17-1
Added Pin To Net: NetName=NetJ1_05 Pin=SW18-1
Added Pin To Net: NetName=NetJ1_01 Pin=SW18-2
Added Pin To Net: NetName=NetJ1_05 Pin=SW19-1
Added Pin To Net: NetName=NetJ1_05 Pin=SW20-1
Added Pin To Net: NetName=NetJ1_05 Pin=SW21-1
Added Pin To Net: NetName=NetJ1_05 Pin=SW22-1
Added Pin To Net: NetName=NetJ1_05 Pin=SW23-1
Added Pin To Net: NetName=NetJ1_05 Pin=SW24-1
Added Pin To Net: NetName=NetNEO10_OUT Pin=NEO10-OUT
Added Pin To Net: NetName=NetNEO10_OUT Pin=NEO24-IN
Added Net: Name=NetNEO10_OUT
Added Pin To Net: NetName=NetNEO15_IN Pin=NEO15-IN
Added Pin To Net: NetName=NetNEO15_IN Pin=NEO16-OUT
Added Net: Name=NetNEO15_IN
Added Pin To Net: NetName=NetNEO16_IN Pin=NEO16-IN
Added Pin To Net: NetName=NetNEO16_IN Pin=NEO17-OUT
Added Net: Name=NetNEO16_IN
Added Pin To Net: NetName=NetNEO17_IN Pin=NEO17-IN
Added Pin To Net: NetName=NetNEO17_IN Pin=NEO18-OUT
Added Net: Name=NetNEO17_IN
Added Pin To Net: NetName=NetNEO18_IN Pin=NEO18-IN
Added Pin To Net: NetName=NetNEO18_IN Pin=NEO19-OUT
Added Net: Name=NetNEO18_IN
Added Pin To Net: NetName=NetNEO19_IN Pin=NEO19-IN
Added Pin To Net: NetName=NetNEO19_IN Pin=NEO20-OUT
Added Net: Name=NetNEO19_IN
Added Pin To Net: NetName=NetNEO20_IN Pin=NEO20-IN
Added Pin To Net: NetName=NetNEO20_IN Pin=NEO21-OUT
Added Net: Name=NetNEO20_IN
Added Pin To Net: NetName=NetNEO21_IN Pin=NEO21-IN
Added Pin To Net: NetName=NetNEO21_IN Pin=NEO22-OUT
Added Net: Name=NetNEO21_IN
Added Pin To Net: NetName=NetNEO22_IN Pin=NEO22-IN
Added Pin To Net: NetName=NetNEO22_IN Pin=NEO23-OUT
Added Net: Name=NetNEO22_IN
Added Pin To Net: NetName=NetNEO23_IN Pin=NEO23-IN
Added Pin To Net: NetName=NetNEO23_IN Pin=NEO24-OUT
Added Net: Name=NetNEO23_IN
Added Pin To Net: NetName=NetR1_2 Pin=R1-2
Added Pin To Net: NetName=NetR1_2 Pin=SW1-2
Added Net: Name=NetR1_2
Added Pin To Net: NetName=NetR10_2 Pin=R10-2
Added Pin To Net: NetName=NetR10_2 Pin=R24-1
Added Pin To Net: NetName=NetR10_2 Pin=SW10-2
Added Net: Name=NetR10_2
Added Pin To Net: NetName=NetR16_2 Pin=R16-2
Added Pin To Net: NetName=NetR16_2 Pin=SW16-2
Added Net: Name=NetR16_2
Added Pin To Net: NetName=NetR17_2 Pin=R17-2
Added Pin To Net: NetName=NetR17_2 Pin=SW17-2
Added Net: Name=NetR17_2
Added Pin To Net: NetName=NetR18_1 Pin=R18-1
Added Pin To Net: NetName=NetR18_1 Pin=R19-2
Added Pin To Net: NetName=NetR18_1 Pin=SW19-2
Added Net: Name=NetR18_1
Added Pin To Net: NetName=NetR19_1 Pin=R19-1
Added Pin To Net: NetName=NetR19_1 Pin=R20-2
Added Pin To Net: NetName=NetR19_1 Pin=SW20-2
Added Net: Name=NetR19_1
Added Pin To Net: NetName=NetR20_1 Pin=R20-1
Added Pin To Net: NetName=NetR20_1 Pin=R21-2
Added Pin To Net: NetName=NetR20_1 Pin=SW21-2
Added Net: Name=NetR20_1
Added Pin To Net: NetName=NetR21_1 Pin=R21-1
Added Pin To Net: NetName=NetR21_1 Pin=R22-2
Added Pin To Net: NetName=NetR21_1 Pin=SW22-2
Added Net: Name=NetR21_1
Added Pin To Net: NetName=NetR22_1 Pin=R22-1
Added Pin To Net: NetName=NetR22_1 Pin=R23-2
Added Pin To Net: NetName=NetR22_1 Pin=SW23-2
Added Net: Name=NetR22_1
Added Pin To Net: NetName=NetR23_1 Pin=R23-1
Added Pin To Net: NetName=NetR23_1 Pin=R24-2
Added Pin To Net: NetName=NetR23_1 Pin=SW24-2
Added Net: Name=NetR23_1
Change Class Name : Old Net Name=quantum-switch-control-panel New Net Name=24line-control-panel
Added Member To Class: ClassName=24line-control-panel Member=Component NEO15 adafruit-1559-neopixel-flora
Added Member To Class: ClassName=24line-control-panel Member=Component NEO16 adafruit-1559-neopixel-flora
Added Member To Class: ClassName=24line-control-panel Member=Component NEO17 adafruit-1559-neopixel-flora
Added Member To Class: ClassName=24line-control-panel Member=Component NEO18 adafruit-1559-neopixel-flora
Added Member To Class: ClassName=24line-control-panel Member=Component NEO19 adafruit-1559-neopixel-flora
Added Member To Class: ClassName=24line-control-panel Member=Component NEO20 adafruit-1559-neopixel-flora
Added Member To Class: ClassName=24line-control-panel Member=Component NEO21 adafruit-1559-neopixel-flora
Added Member To Class: ClassName=24line-control-panel Member=Component NEO22 adafruit-1559-neopixel-flora
Added Member To Class: ClassName=24line-control-panel Member=Component NEO23 adafruit-1559-neopixel-flora
Added Member To Class: ClassName=24line-control-panel Member=Component NEO24 adafruit-1559-neopixel-flora
Added Member To Class: ClassName=24line-control-panel Member=Component R15 Resistor
Added Member To Class: ClassName=24line-control-panel Member=Component R16 Resistor
Added Member To Class: ClassName=24line-control-panel Member=Component R17 Resistor
Added Member To Class: ClassName=24line-control-panel Member=Component R18 Resistor
Added Member To Class: ClassName=24line-control-panel Member=Component R19 Resistor
Added Member To Class: ClassName=24line-control-panel Member=Component R20 Resistor
Added Member To Class: ClassName=24line-control-panel Member=Component R21 Resistor
Added Member To Class: ClassName=24line-control-panel Member=Component R22 Resistor
Added Member To Class: ClassName=24line-control-panel Member=Component R23 Resistor
Added Member To Class: ClassName=24line-control-panel Member=Component R24 Resistor
Added Member To Class: ClassName=24line-control-panel Member=Component SW15 TL59AF100Q
Added Member To Class: ClassName=24line-control-panel Member=Component SW16 TL59AF100Q
Added Member To Class: ClassName=24line-control-panel Member=Component SW17 TL59AF100Q
Added Member To Class: ClassName=24line-control-panel Member=Component SW18 TL59AF100Q
Added Member To Class: ClassName=24line-control-panel Member=Component SW19 TL59AF100Q
Added Member To Class: ClassName=24line-control-panel Member=Component SW20 TL59AF100Q
Added Member To Class: ClassName=24line-control-panel Member=Component SW21 TL59AF100Q
Added Member To Class: ClassName=24line-control-panel Member=Component SW22 TL59AF100Q
Added Member To Class: ClassName=24line-control-panel Member=Component SW23 TL59AF100Q
Added Member To Class: ClassName=24line-control-panel Member=Component SW24 TL59AF100Q
